This is pdfTeX, Version 3.1415926-2.5-1.40.14 (TeX Live 2013) (format=pdflatex 2013.5.30)  26 JUL 2016 00:06
entering extended mode
 restricted \write18 enabled.
 file:line:error style messages enabled.
 %&-line parsing enabled.
**separate_universe.tex
(./separate_universe.tex
LaTeX2e <2011/06/27>
Babel <3.9f> and hyphenation patterns for 78 languages loaded.
./separate_universe.tex:60: Undefined control sequence.
l.60 \section
             {Separate Universe Approach}
? 
./separate_universe.tex:60: Emergency stop.
l.60 \section
             {Separate Universe Approach}
End of file on the terminal!

 
Here is how much of TeX's memory you used:
 5 strings out of 493315
 166 string characters out of 6137904
 52158 words of memory out of 5000000
 3557 multiletter control sequences out of 15000+600000
 3640 words of font info for 14 fonts, out of 8000000 for 9000
 957 hyphenation exceptions out of 8191
 5i,0n,1p,118b,8s stack positions out of 5000i,500n,10000p,200000b,80000s
./separate_universe.tex:60:  ==> Fatal error occurred, no output PDF file produ
ced!
